<?xml version="1.0" encoding="UTF-8"?>
<testng-results ignored="0" total="1" passed="1" failed="0" skipped="0">
  <reporter-output>
  </reporter-output>
  <suite started-at="2021-12-10T17:41:20 IST" name="Default suite" finished-at="2021-12-10T17:41:20 IST" duration-ms="55">
    <groups>
    </groups>
    <test started-at="2021-12-10T17:41:20 IST" name="Default test" finished-at="2021-12-10T17:41:20 IST" duration-ms="55">
      <class name="com.crm.sample.ReadDataFromcmdTest">
        <test-method signature="read()[pri:0, instance:com.crm.sample.ReadDataFromcmdTest@50ad3bc1]" started-at="2021-12-10T17:41:20 IST" name="read" finished-at="2021-12-10T17:41:20 IST" duration-ms="10" status="PASS">
          <reporter-output>
          </reporter-output>
        </test-method> <!-- read -->
      </class> <!-- com.crm.sample.ReadDataFromcmdTest -->
    </test> <!-- Default test -->
  </suite> <!-- Default suite -->
</testng-results>
