<?xml version="1.0" encoding="UTF-8"?>
<testng-results ignored="0" total="1" passed="1" failed="0" skipped="0">
  <reporter-output>
  </reporter-output>
  <suite started-at="2021-12-10T13:00:35 IST" name="Default suite" finished-at="2021-12-10T13:00:35 IST" duration-ms="64">
    <groups>
    </groups>
    <test started-at="2021-12-10T13:00:35 IST" name="Default test" finished-at="2021-12-10T13:00:35 IST" duration-ms="64">
      <class name="com.crm.sample.Demo1Test">
        <test-method signature="DemoTest()[pri:0, instance:com.crm.sample.Demo1Test@6a84a97d]" started-at="2021-12-10T13:00:35 IST" name="DemoTest" finished-at="2021-12-10T13:00:35 IST" duration-ms="13" status="PASS">
          <reporter-output>
          </reporter-output>
        </test-method> <!-- DemoTest -->
      </class> <!-- com.crm.sample.Demo1Test -->
    </test> <!-- Default test -->
  </suite> <!-- Default suite -->
</testng-results>
